<?xml version="1.0" encoding="UTF-8"?>
<!-- Generated by org.testng.reporters.JUnitReportReporter -->
<testsuite skipped="0" hostname="LAPTOP-GGRP9JA9" name="br.com.framework.test.RealizarLoginTeste" tests="1" failures="0" timestamp="08 Mar 2019 03:13:34 GMT" time="17.463" errors="0">
  <testcase name="realizarLogin" time="17.463" classname="br.com.framework.test.RealizarLoginTeste"/>
</testsuite> <!-- br.com.framework.test.RealizarLoginTeste -->
