<?xml version="1.0" encoding="UTF-8"?>
<!-- Generated by org.testng.reporters.JUnitReportReporter -->
<testsuite skipped="1" hostname="LAPTOP-GGRP9JA9" name="br.com.framework.loginteste.LoginTeste" tests="1" failures="0" timestamp="08 Mar 2019 03:05:23 GMT" time="0.000" errors="0">
  <testcase name="feature" time="0.000" classname="br.com.framework.loginteste.LoginTeste">
    <skipped/>
  </testcase> <!-- feature -->
</testsuite> <!-- br.com.framework.loginteste.LoginTeste -->
