<?xml version="1.0" encoding="UTF-8"?>
<!-- Generated by org.testng.reporters.JUnitReportReporter -->
<testsuite skipped="0" hostname="LAPTOP-GGRP9JA9" name="br.com.framework.test.RealizarLoginTeste" tests="1" failures="0" timestamp="05 Mar 2019 16:46:40 GMT" time="10.195" errors="0">
  <testcase name="realizarLogin" time="10.195" classname="br.com.framework.test.RealizarLoginTeste"/>
</testsuite> <!-- br.com.framework.test.RealizarLoginTeste -->
